<?xml version="1.0" encoding="UTF-8"?>
<!-- Generated by org.testng.reporters.JUnitXMLReporter -->
<testsuite ignored="4" hostname="DESKTOP-CVL2K4K" failures="0" tests="5" name="Test" time="45.828" errors="0" timestamp="2025-01-30T18:53:18 IST">
  <testcase classname="runner.TC_004_CreateLead" name="createLead" time="7.201"/>
  <testcase classname="runner.TC_002_LogOut" name="logOut" time="1.334"/>
  <testcase classname="runner.TC_002_LogOut" name="logOut" time="1.346"/>
  <testcase classname="runner.TC_001_LoginPage" name="loginPageCheck" time="3.465"/>
  <testcase classname="runner.TC_001_LoginPage" name="loginPageCheck" time="3.599"/>
  <testcase classname="base.ProjectSpecificMethod" name="@BeforeSuite startReport" time="0.0">
    <ignored/>
  </testcase> <!-- @BeforeSuite startReport -->
  <testcase classname="base.ProjectSpecificMethod" name="@BeforeSuite startReport" time="0.0">
    <ignored/>
  </testcase> <!-- @BeforeSuite startReport -->
  <testcase classname="base.ProjectSpecificMethod" name="@AfterSuite stopReport" time="0.0">
    <ignored/>
  </testcase> <!-- @AfterSuite stopReport -->
  <testcase classname="base.ProjectSpecificMethod" name="@AfterSuite stopReport" time="0.0">
    <ignored/>
  </testcase> <!-- @AfterSuite stopReport -->
</testsuite> <!-- Test -->
