<?xml version="1.0" encoding="UTF-8"?>
<testng-results ignored="4" total="9" passed="5" failed="0" skipped="0">
  <reporter-output>
  </reporter-output>
  <suite started-at="2025-01-30T18:52:32 IST" name="Suite" finished-at="2025-01-30T18:53:18 IST" duration-ms="45828">
    <groups>
      <group name="cucumber">
        <method signature="AbstractTestNGCucumberTests.runScenario(io.cucumber.testng.PickleWrapper,io.cucumber.testng.FeatureWrapper)[pri:0, instance:runner.TC_001_LoginPage@23348b5d]" name="runScenario" class="io.cucumber.testng.AbstractTestNGCucumberTests"/>
        <method signature="AbstractTestNGCucumberTests.runScenario(io.cucumber.testng.PickleWrapper,io.cucumber.testng.FeatureWrapper)[pri:0, instance:runner.TC_002_LogOut@2df3b89c]" name="runScenario" class="io.cucumber.testng.AbstractTestNGCucumberTests"/>
        <method signature="AbstractTestNGCucumberTests.runScenario(io.cucumber.testng.PickleWrapper,io.cucumber.testng.FeatureWrapper)[pri:0, instance:runner.TC_004_CreateLead@24313fcc]" name="runScenario" class="io.cucumber.testng.AbstractTestNGCucumberTests"/>
      </group> <!-- cucumber -->
    </groups>
    <test started-at="2025-01-30T18:52:32 IST" name="Test" finished-at="2025-01-30T18:53:18 IST" duration-ms="45828">
      <class name="runner.TC_001_LoginPage">
        <test-method is-config="true" signature="setExcelData()[pri:0, instance:runner.TC_001_LoginPage@23348b5d]" started-at="2025-01-30T18:52:32 IST" name="setExcelData" finished-at="2025-01-30T18:52:32 IST" duration-ms="1" status="PASS">
          <reporter-output>
          </reporter-output>
        </test-method> <!-- setExcelData -->
        <test-method is-config="true" signature="setUpClass(org.testng.ITestContext)[pri:0, instance:runner.TC_001_LoginPage@23348b5d]" started-at="2025-01-30T18:53:00 IST" name="setUpClass" finished-at="2025-01-30T18:53:00 IST" duration-ms="10" status="PASS">
          <params>
            <param index="0">
              <value>
                <![CDATA[org.testng.TestRunner@11eec06b]]>
              </value>
            </param>
          </params>
          <reporter-output>
          </reporter-output>
        </test-method> <!-- setUpClass -->
        <test-method is-config="true" signature="testDetails()[pri:0, instance:runner.TC_001_LoginPage@23348b5d]" started-at="2025-01-30T18:53:00 IST" name="testDetails" finished-at="2025-01-30T18:53:00 IST" duration-ms="1" status="PASS">
          <reporter-output>
          </reporter-output>
        </test-method> <!-- testDetails -->
        <test-method is-config="true" signature="preCondition()[pri:0, instance:runner.TC_001_LoginPage@23348b5d]" started-at="2025-01-30T18:53:00 IST" name="preCondition" finished-at="2025-01-30T18:53:05 IST" duration-ms="5137" status="PASS">
          <reporter-output>
          </reporter-output>
        </test-method> <!-- preCondition -->
        <test-method signature="loginPageCheck(java.lang.String,java.lang.String)[pri:0, instance:runner.TC_001_LoginPage@23348b5d]" started-at="2025-01-30T18:53:05 IST" name="loginPageCheck" data-provider="xdata" finished-at="2025-01-30T18:53:09 IST" duration-ms="3465" status="PASS">
          <params>
            <param index="0">
              <value>
                <![CDATA[DemoCsr]]>
              </value>
            </param>
            <param index="1">
              <value>
                <![CDATA[crmsfa]]>
              </value>
            </param>
          </params>
          <reporter-output>
          </reporter-output>
        </test-method> <!-- loginPageCheck -->
        <test-method is-config="true" signature="postCondition()[pri:0, instance:runner.TC_001_LoginPage@23348b5d]" started-at="2025-01-30T18:53:09 IST" name="postCondition" finished-at="2025-01-30T18:53:09 IST" duration-ms="95" status="PASS">
          <reporter-output>
          </reporter-output>
        </test-method> <!-- postCondition -->
        <test-method is-config="true" signature="preCondition()[pri:0, instance:runner.TC_001_LoginPage@23348b5d]" started-at="2025-01-30T18:53:09 IST" name="preCondition" finished-at="2025-01-30T18:53:14 IST" duration-ms="5773" status="PASS">
          <reporter-output>
          </reporter-output>
        </test-method> <!-- preCondition -->
        <test-method signature="loginPageCheck(java.lang.String,java.lang.String)[pri:0, instance:runner.TC_001_LoginPage@23348b5d]" started-at="2025-01-30T18:53:14 IST" name="loginPageCheck" data-provider="xdata" finished-at="2025-01-30T18:53:18 IST" duration-ms="3599" status="PASS">
          <params>
            <param index="0">
              <value>
                <![CDATA[DemoSalesManager]]>
              </value>
            </param>
            <param index="1">
              <value>
                <![CDATA[crmsfa]]>
              </value>
            </param>
          </params>
          <reporter-output>
          </reporter-output>
        </test-method> <!-- loginPageCheck -->
        <test-method is-config="true" signature="postCondition()[pri:0, instance:runner.TC_001_LoginPage@23348b5d]" started-at="2025-01-30T18:53:18 IST" name="postCondition" finished-at="2025-01-30T18:53:18 IST" duration-ms="88" status="PASS">
          <reporter-output>
          </reporter-output>
        </test-method> <!-- postCondition -->
        <test-method is-config="true" signature="tearDownClass()[pri:0, instance:runner.TC_001_LoginPage@23348b5d]" started-at="2025-01-30T18:53:18 IST" name="tearDownClass" finished-at="2025-01-30T18:53:18 IST" duration-ms="1" status="PASS">
          <reporter-output>
          </reporter-output>
        </test-method> <!-- tearDownClass -->
      </class> <!-- runner.TC_001_LoginPage -->
      <class name="runner.TC_002_LogOut">
        <test-method is-config="true" signature="setExcelData()[pri:0, instance:runner.TC_002_LogOut@2df3b89c]" started-at="2025-01-30T18:52:32 IST" name="setExcelData" finished-at="2025-01-30T18:52:32 IST" duration-ms="0" status="PASS">
          <reporter-output>
          </reporter-output>
        </test-method> <!-- setExcelData -->
        <test-method is-config="true" signature="setUpClass(org.testng.ITestContext)[pri:0, instance:runner.TC_002_LogOut@2df3b89c]" started-at="2025-01-30T18:52:46 IST" name="setUpClass" finished-at="2025-01-30T18:52:46 IST" duration-ms="2" status="PASS">
          <params>
            <param index="0">
              <value>
                <![CDATA[org.testng.TestRunner@11eec06b]]>
              </value>
            </param>
          </params>
          <reporter-output>
          </reporter-output>
        </test-method> <!-- setUpClass -->
        <test-method is-config="true" signature="testDetails()[pri:0, instance:runner.TC_002_LogOut@2df3b89c]" started-at="2025-01-30T18:52:46 IST" name="testDetails" finished-at="2025-01-30T18:52:46 IST" duration-ms="0" status="PASS">
          <reporter-output>
          </reporter-output>
        </test-method> <!-- testDetails -->
        <test-method is-config="true" signature="preCondition()[pri:0, instance:runner.TC_002_LogOut@2df3b89c]" started-at="2025-01-30T18:52:47 IST" name="preCondition" finished-at="2025-01-30T18:52:52 IST" duration-ms="5002" status="PASS">
          <reporter-output>
          </reporter-output>
        </test-method> <!-- preCondition -->
        <test-method signature="logOut(java.lang.String,java.lang.String)[pri:0, instance:runner.TC_002_LogOut@2df3b89c]" started-at="2025-01-30T18:52:52 IST" name="logOut" data-provider="xdata" finished-at="2025-01-30T18:52:53 IST" duration-ms="1334" status="PASS">
          <params>
            <param index="0">
              <value>
                <![CDATA[DemoCsr]]>
              </value>
            </param>
            <param index="1">
              <value>
                <![CDATA[crmsfa]]>
              </value>
            </param>
          </params>
          <reporter-output>
          </reporter-output>
        </test-method> <!-- logOut -->
        <test-method is-config="true" signature="postCondition()[pri:0, instance:runner.TC_002_LogOut@2df3b89c]" started-at="2025-01-30T18:52:53 IST" name="postCondition" finished-at="2025-01-30T18:52:54 IST" duration-ms="96" status="PASS">
          <reporter-output>
          </reporter-output>
        </test-method> <!-- postCondition -->
        <test-method is-config="true" signature="preCondition()[pri:0, instance:runner.TC_002_LogOut@2df3b89c]" started-at="2025-01-30T18:52:54 IST" name="preCondition" finished-at="2025-01-30T18:52:58 IST" duration-ms="4925" status="PASS">
          <reporter-output>
          </reporter-output>
        </test-method> <!-- preCondition -->
        <test-method signature="logOut(java.lang.String,java.lang.String)[pri:0, instance:runner.TC_002_LogOut@2df3b89c]" started-at="2025-01-30T18:52:58 IST" name="logOut" data-provider="xdata" finished-at="2025-01-30T18:53:00 IST" duration-ms="1346" status="PASS">
          <params>
            <param index="0">
              <value>
                <![CDATA[DemoSalesManager]]>
              </value>
            </param>
            <param index="1">
              <value>
                <![CDATA[crmsfa]]>
              </value>
            </param>
          </params>
          <reporter-output>
          </reporter-output>
        </test-method> <!-- logOut -->
        <test-method is-config="true" signature="postCondition()[pri:0, instance:runner.TC_002_LogOut@2df3b89c]" started-at="2025-01-30T18:53:00 IST" name="postCondition" finished-at="2025-01-30T18:53:00 IST" duration-ms="92" status="PASS">
          <reporter-output>
          </reporter-output>
        </test-method> <!-- postCondition -->
        <test-method is-config="true" signature="tearDownClass()[pri:0, instance:runner.TC_002_LogOut@2df3b89c]" started-at="2025-01-30T18:53:00 IST" name="tearDownClass" finished-at="2025-01-30T18:53:00 IST" duration-ms="1" status="PASS">
          <reporter-output>
          </reporter-output>
        </test-method> <!-- tearDownClass -->
      </class> <!-- runner.TC_002_LogOut -->
      <class name="runner.TC_004_CreateLead">
        <test-method is-config="true" signature="startReport()[pri:0, instance:runner.TC_004_CreateLead@24313fcc]" started-at="2025-01-30T18:52:32 IST" name="startReport" finished-at="2025-01-30T18:52:32 IST" duration-ms="360" status="PASS">
          <reporter-output>
          </reporter-output>
        </test-method> <!-- startReport -->
        <test-method is-config="true" signature="setExcelData()[pri:0, instance:runner.TC_004_CreateLead@24313fcc]" started-at="2025-01-30T18:52:32 IST" name="setExcelData" finished-at="2025-01-30T18:52:32 IST" duration-ms="0" status="PASS">
          <reporter-output>
          </reporter-output>
        </test-method> <!-- setExcelData -->
        <test-method is-config="true" signature="setUpClass(org.testng.ITestContext)[pri:0, instance:runner.TC_004_CreateLead@24313fcc]" started-at="2025-01-30T18:52:32 IST" name="setUpClass" finished-at="2025-01-30T18:52:33 IST" duration-ms="143" status="PASS">
          <params>
            <param index="0">
              <value>
                <![CDATA[org.testng.TestRunner@11eec06b]]>
              </value>
            </param>
          </params>
          <reporter-output>
          </reporter-output>
        </test-method> <!-- setUpClass -->
        <test-method is-config="true" signature="testDetails()[pri:0, instance:runner.TC_004_CreateLead@24313fcc]" started-at="2025-01-30T18:52:33 IST" name="testDetails" finished-at="2025-01-30T18:52:33 IST" duration-ms="4" status="PASS">
          <reporter-output>
          </reporter-output>
        </test-method> <!-- testDetails -->
        <test-method is-config="true" signature="preCondition()[pri:0, instance:runner.TC_004_CreateLead@24313fcc]" started-at="2025-01-30T18:52:33 IST" name="preCondition" finished-at="2025-01-30T18:52:39 IST" duration-ms="6280" status="PASS">
          <reporter-output>
          </reporter-output>
        </test-method> <!-- preCondition -->
        <test-method signature="createLead()[pri:0, instance:runner.TC_004_CreateLead@24313fcc]" started-at="2025-01-30T18:52:39 IST" name="createLead" finished-at="2025-01-30T18:52:46 IST" duration-ms="7201" status="PASS">
          <reporter-output>
          </reporter-output>
        </test-method> <!-- createLead -->
        <test-method is-config="true" signature="postCondition()[pri:0, instance:runner.TC_004_CreateLead@24313fcc]" started-at="2025-01-30T18:52:46 IST" name="postCondition" finished-at="2025-01-30T18:52:46 IST" duration-ms="96" status="PASS">
          <reporter-output>
          </reporter-output>
        </test-method> <!-- postCondition -->
        <test-method is-config="true" signature="tearDownClass()[pri:0, instance:runner.TC_004_CreateLead@24313fcc]" started-at="2025-01-30T18:52:46 IST" name="tearDownClass" finished-at="2025-01-30T18:52:46 IST" duration-ms="2" status="PASS">
          <reporter-output>
          </reporter-output>
        </test-method> <!-- tearDownClass -->
        <test-method is-config="true" signature="stopReport()[pri:0, instance:runner.TC_004_CreateLead@24313fcc]" started-at="2025-01-30T18:53:18 IST" name="stopReport" finished-at="2025-01-30T18:53:18 IST" duration-ms="284" status="PASS">
          <reporter-output>
          </reporter-output>
        </test-method> <!-- stopReport -->
      </class> <!-- runner.TC_004_CreateLead -->
    </test> <!-- Test -->
  </suite> <!-- Suite -->
</testng-results>
